<?xml version="1.0" encoding="UTF-8"?>
<!-- Generated by org.testng.reporters.JUnitXMLReporter -->
<testsuite hostname="Vaibhav" ignored="0" name="BankingApp Test" tests="2" failures="0" timestamp="12 Sep 2022 13:22:14 GMT" time="45.4" errors="0">
  <testcase name="loginTest" time="2.776" classname="com.inetbanking.testCases.TC_LoginTest_001"/>
  <testcase name="addNewCustomer" time="28.183" classname="com.inetbanking.testCases.TC_AddCustomerTest_003"/>
</testsuite> <!-- BankingApp Test -->
