<?xml version="1.0" encoding="UTF-8"?>
<testng-results skipped="0" failed="0" ignored="0" total="2" passed="2">
  <reporter-output>
  </reporter-output>
  <suite name="InetBankingV1" duration-ms="45400" started-at="2022-09-12T13:21:28Z" finished-at="2022-09-12T13:22:14Z">
    <groups>
    </groups>
    <test name="BankingApp Test" duration-ms="45400" started-at="2022-09-12T13:21:28Z" finished-at="2022-09-12T13:22:14Z">
      <class name="com.inetbanking.testCases.TC_LoginTest_001">
        <test-method status="PASS" signature="setup(java.lang.String)[pri:0, instance:com.inetbanking.testCases.TC_LoginTest_001@59a6e353]" name="setup" is-config="true" duration-ms="6984" started-at="2022-09-12T13:21:29Z" finished-at="2022-09-12T13:21:36Z">
          <params>
            <param index="0">
              <value>
                <![CDATA[chrome]]>
              </value>
            </param>
          </params>
          <reporter-output>
          </reporter-output>
        </test-method> <!-- setup -->
        <test-method status="PASS" signature="loginTest()[pri:0, instance:com.inetbanking.testCases.TC_LoginTest_001@59a6e353]" name="loginTest" duration-ms="2776" started-at="2022-09-12T13:21:36Z" finished-at="2022-09-12T13:21:39Z">
          <reporter-output>
          </reporter-output>
        </test-method> <!-- loginTest -->
        <test-method status="PASS" signature="tearDown()[pri:0, instance:com.inetbanking.testCases.TC_LoginTest_001@59a6e353]" name="tearDown" is-config="true" duration-ms="1431" started-at="2022-09-12T13:21:39Z" finished-at="2022-09-12T13:21:40Z">
          <reporter-output>
          </reporter-output>
        </test-method> <!-- tearDown -->
      </class> <!-- com.inetbanking.testCases.TC_LoginTest_001 -->
      <class name="com.inetbanking.testCases.TC_AddCustomerTest_003">
        <test-method status="PASS" signature="setup(java.lang.String)[pri:0, instance:com.inetbanking.testCases.TC_AddCustomerTest_003@7a0ac6e3]" name="setup" is-config="true" duration-ms="4784" started-at="2022-09-12T13:21:40Z" finished-at="2022-09-12T13:21:45Z">
          <params>
            <param index="0">
              <value>
                <![CDATA[chrome]]>
              </value>
            </param>
          </params>
          <reporter-output>
          </reporter-output>
        </test-method> <!-- setup -->
        <test-method status="PASS" signature="addNewCustomer()[pri:0, instance:com.inetbanking.testCases.TC_AddCustomerTest_003@7a0ac6e3]" name="addNewCustomer" duration-ms="28183" started-at="2022-09-12T13:21:45Z" finished-at="2022-09-12T13:22:13Z">
          <reporter-output>
          </reporter-output>
        </test-method> <!-- addNewCustomer -->
        <test-method status="PASS" signature="tearDown()[pri:0, instance:com.inetbanking.testCases.TC_AddCustomerTest_003@7a0ac6e3]" name="tearDown" is-config="true" duration-ms="832" started-at="2022-09-12T13:22:13Z" finished-at="2022-09-12T13:22:14Z">
          <reporter-output>
          </reporter-output>
        </test-method> <!-- tearDown -->
      </class> <!-- com.inetbanking.testCases.TC_AddCustomerTest_003 -->
    </test> <!-- BankingApp Test -->
  </suite> <!-- InetBankingV1 -->
</testng-results>
